[2021-01-25T22:15:03.392] [INFO] hiper - create new log
[2021-01-25T22:19:02.432] [INFO] hiper - create new log for test
[2021-01-25T22:25:51.534] [INFO] hiper - create new log for test
[2021-01-25T22:53:08.623] [INFO] hiper - create new log for test
[2021-01-25T22:54:34.113] [INFO] hiper - create new log for test
[2021-01-26T11:24:11.019] [INFO] hiper - create new log for test
[2021-01-26T11:52:25.266] [INFO] hiper - create new log for test
[2021-01-26T11:55:05.653] [INFO] hiper - create new log for test
[2021-01-26T11:55:54.523] [INFO] hiper - create new log for test
[2021-02-04T10:26:38.908] [INFO] hiper - create new log for test
[2021-02-04T10:37:30.827] [INFO] hiper - create new log for test
[2021-02-04T10:48:20.707] [INFO] hiper - create new log for test
[2021-02-04T10:58:53.459] [INFO] hiper - create new log for test
[2021-02-04T11:09:14.931] [INFO] hiper - create new log for test
[2021-02-04T11:09:43.709] [INFO] hiper - create new log for test
[2021-02-04T11:09:43.714] [WARN] hiper - create new log for test
[2021-02-04T11:09:43.714] [ERROR] hiper - create new log for test
[2021-02-04T11:11:06.732] [INFO] hiper - create new log for test
[2021-02-04T11:11:06.734] [WARN] hiper - create new log for test
[2021-02-04T11:11:06.734] [ERROR] hiper - create new log for test
[2021-02-04T11:11:06.734] [FATAL] hiper - create new log for test
[2021-02-04T13:34:37.471] [INFO] hiper - create new log for test
[2021-02-04T13:34:37.473] [WARN] hiper - create new log for test
[2021-02-04T13:34:37.473] [ERROR] hiper - create new log for test
[2021-02-04T13:34:37.473] [FATAL] hiper - create new log for test
[2021-02-04T13:46:52.441] [INFO] hiper - create new log for test
[2021-02-04T13:46:52.443] [WARN] hiper - create new log for test
[2021-02-04T13:46:52.443] [ERROR] hiper - create new log for test
[2021-02-04T13:46:52.443] [FATAL] hiper - create new log for test
[2021-02-04T14:30:38.421] [INFO] hiper - create new log for test
[2021-02-04T14:30:38.422] [WARN] hiper - create new log for test
[2021-02-04T14:30:38.423] [ERROR] hiper - create new log for test
[2021-02-04T14:30:38.423] [FATAL] hiper - create new log for test
[2021-02-04T14:58:36.616] [INFO] hiper - create new log for test
[2021-02-04T14:58:36.618] [WARN] hiper - create new log for test
[2021-02-04T14:58:36.618] [ERROR] hiper - create new log for test
[2021-02-04T14:58:36.618] [FATAL] hiper - create new log for test
[2021-02-04T16:24:34.066] [INFO] hiper - create new log for test
[2021-02-04T16:24:34.068] [WARN] hiper - create new log for test
[2021-02-04T16:24:34.068] [ERROR] hiper - create new log for test
[2021-02-04T16:24:34.068] [FATAL] hiper - create new log for test
[2021-02-04T17:30:00.983] [WARN] hiper - undefined Request failed with status code 401
[2021-02-04T17:41:10.958] [INFO] hiper - create new log for test
[2021-02-04T17:41:10.960] [WARN] hiper - create new log for test
[2021-02-04T17:41:10.960] [ERROR] hiper - create new log for test
[2021-02-04T17:41:10.960] [FATAL] hiper - create new log for test
[2021-02-04T17:43:17.822] [INFO] hiper - create new log for test
[2021-02-04T17:43:17.824] [WARN] hiper - create new log for test
[2021-02-04T17:43:17.824] [ERROR] hiper - create new log for test
[2021-02-04T17:43:17.824] [FATAL] hiper - create new log for test
